<?xml version="1.0" encoding="UTF-8"?>
<!-- Generated by org.testng.reporters.JUnitXMLReporter -->
<testsuite ignored="0" hostname="DESKTOP-34GJ352" failures="0" tests="2" name="test suite" time="10.662" errors="0" timestamp="09 Jun 2022 16:11:48 GMT">
  <testcase classname="org.example.pomexample2.testcases.AppleTestCases" name="clickOnBagTest" time="2.103"/>
  <testcase classname="org.example.pomexample2.testcases.AppleTestCases" name="signInWithWrongCredentialsTest" time="3.052"/>
</testsuite> <!-- test suite -->
