<?xml version="1.0" encoding="UTF-8"?>
<testng-results ignored="0" total="2" passed="2" failed="0" skipped="0">
  <reporter-output>
  </reporter-output>
  <suite started-at="2022-06-09T16:11:37Z" name="suite" finished-at="2022-06-09T16:11:48Z" duration-ms="10662">
    <groups>
    </groups>
    <test started-at="2022-06-09T16:11:37Z" name="test suite" finished-at="2022-06-09T16:11:48Z" duration-ms="10662">
      <class name="org.example.pomexample2.testcases.AppleTestCases">
        <test-method is-config="true" signature="setUpReport()[pri:0, instance:org.example.pomexample2.testcases.AppleTestCases@52102734]" started-at="2022-06-09T16:11:37Z" name="setUpReport" finished-at="2022-06-09T16:11:37Z" duration-ms="153" status="PASS">
          <reporter-output>
          </reporter-output>
        </test-method> <!-- setUpReport -->
        <test-method is-config="true" signature="setUpBrowser()[pri:0, instance:org.example.pomexample2.testcases.AppleTestCases@52102734]" started-at="2022-06-09T16:11:37Z" name="setUpBrowser" finished-at="2022-06-09T16:11:42Z" duration-ms="4995" status="PASS">
          <reporter-output>
          </reporter-output>
        </test-method> <!-- setUpBrowser -->
        <test-method signature="clickOnBagTest()[pri:1, instance:org.example.pomexample2.testcases.AppleTestCases@52102734]" started-at="2022-06-09T16:11:42Z" name="clickOnBagTest" finished-at="2022-06-09T16:11:44Z" duration-ms="2103" status="PASS">
          <reporter-output>
          </reporter-output>
        </test-method> <!-- clickOnBagTest -->
        <test-method signature="signInWithWrongCredentialsTest()[pri:2, instance:org.example.pomexample2.testcases.AppleTestCases@52102734]" started-at="2022-06-09T16:11:44Z" name="signInWithWrongCredentialsTest" finished-at="2022-06-09T16:11:47Z" duration-ms="3052" status="PASS">
          <reporter-output>
          </reporter-output>
        </test-method> <!-- signInWithWrongCredentialsTest -->
        <test-method is-config="true" signature="tearDown()[pri:0, instance:org.example.pomexample2.testcases.AppleTestCases@52102734]" started-at="2022-06-09T16:11:47Z" name="tearDown" finished-at="2022-06-09T16:11:48Z" duration-ms="485" status="PASS">
          <reporter-output>
          </reporter-output>
        </test-method> <!-- tearDown -->
      </class> <!-- org.example.pomexample2.testcases.AppleTestCases -->
    </test> <!-- test suite -->
  </suite> <!-- suite -->
</testng-results>
