<?xml version="1.0" encoding="UTF-8"?>
<testsuite name="Selenium_ActivateIT"
           tests="3"
           failures="0"
           errors="0"
           skipped="0"
           time="10.757">
    <properties></properties>



            <testcase
                name="getPicturesScreenshotTest"
                time="3.351"
                classname="org.example.selenium.practise.GoogleSearchTest">
            </testcase>
            <testcase
                name="getPicturesScreenshotTest"
                time="3.322"
                classname="org.example.selenium.practise.GoogleSearchTest">
            </testcase>
            <testcase
                name="getPicturesScreenshotTest"
                time="4.084"
                classname="org.example.selenium.practise.GoogleSearchTest">
            </testcase>
</testsuite>
