<?xml version="1.0" encoding="UTF-8"?>
<testsuite name="test suite"
           tests="3"
           failures="0"
           errors="0"
           skipped="0"
           time="0.006">
    <properties></properties>



            <testcase
                name="MobileLoginCarLoan"
                time="0.006"
                classname="org.example.lab3_1_regex.loan">
            </testcase>
            <testcase
                name="MobileLoginHomeLoan"
                time="0.000"
                classname="org.example.lab3_1_regex.loan">
            </testcase>
            <testcase
                name="MobileLoginPersonalLoan"
                time="0.000"
                classname="org.example.lab3_1_regex.loan">
            </testcase>
</testsuite>
